<?xml version="1.0" encoding="UTF-8"?>
<testng-results ignored="0" total="1" passed="0" failed="1" skipped="0">
  <reporter-output>
  </reporter-output>
  <suite started-at="2020-04-13T06:38:56 GMT-07:00" name="Suite" finished-at="2020-04-13T06:39:15 GMT-07:00" duration-ms="19050">
    <groups>
    </groups>
    <test started-at="2020-04-13T06:38:56 GMT-07:00" name="Test" finished-at="2020-04-13T06:39:15 GMT-07:00" duration-ms="19050">
      <class name="com.atmecs.orangehrm.tests.WebTableValidation">
        <test-method is-config="true" signature="invokeBrowser()[pri:0, instance:com.atmecs.orangehrm.tests.WebTableValidation@77167fb7]" started-at="2020-04-13T06:38:56 GMT-07:00" name="invokeBrowser" finished-at="2020-04-13T06:39:06 GMT-07:00" duration-ms="10071" status="PASS">
          <reporter-output>
          </reporter-output>
        </test-method> <!-- invokeBrowser -->
        <test-method signature="validatePurchase(java.lang.String, java.lang.String)[pri:0, instance:com.atmecs.orangehrm.tests.WebTableValidation@77167fb7]" started-at="2020-04-13T06:39:06 GMT-07:00" name="validatePurchase" finished-at="2020-04-13T06:39:15 GMT-07:00" duration-ms="8892" status="FAIL">
          <params>
            <param index="0">
              <value>
                <![CDATA[admin]]>
              </value>
            </param>
            <param index="1">
              <value>
                <![CDATA[admin123]]>
              </value>
            </param>
          </params>
          <exception class="java.lang.AssertionError">
            <message>
              <![CDATA[expected [AssistantManager] but found [Account Clerk]]]>
            </message>
            <full-stacktrace>
              <![CDATA[java.lang.AssertionError: expected [AssistantManager] but found [Account Clerk]
at org.testng.Assert.fail(Assert.java:97)
at org.testng.Assert.assertEqualsImpl(Assert.java:136)
at org.testng.Assert.assertEquals(Assert.java:118)
at org.testng.Assert.assertEquals(Assert.java:575)
at org.testng.Assert.assertEquals(Assert.java:585)
at com.atmecs.orangehrm.pages.WebTablePage.validateTable(WebTablePage.java:47)
at com.atmecs.orangehrm.tests.WebTableValidation.validatePurchase(WebTableValidation.java:31)
at java.base/jdk.internal.reflect.NativeMethodAccessorImpl.invoke0(Native Method)
at java.base/jdk.internal.reflect.NativeMethodAccessorImpl.invoke(NativeMethodAccessorImpl.java:62)
at java.base/jdk.internal.reflect.DelegatingMethodAccessorImpl.invoke(DelegatingMethodAccessorImpl.java:43)
at java.base/java.lang.reflect.Method.invoke(Method.java:567)
at org.testng.internal.MethodInvocationHelper.invokeMethod(MethodInvocationHelper.java:134)
at org.testng.internal.TestInvoker.invokeMethod(TestInvoker.java:597)
at org.testng.internal.TestInvoker.invokeTestMethod(TestInvoker.java:173)
at org.testng.internal.MethodRunner.runInSequence(MethodRunner.java:46)
at org.testng.internal.TestInvoker$MethodInvocationAgent.invoke(TestInvoker.java:816)
at org.testng.internal.TestInvoker.invokeTestMethods(TestInvoker.java:146)
at org.testng.internal.TestMethodWorker.invokeTestMethods(TestMethodWorker.java:146)
at org.testng.internal.TestMethodWorker.run(TestMethodWorker.java:128)
at java.base/java.util.ArrayList.forEach(ArrayList.java:1507)
at org.testng.TestRunner.privateRun(TestRunner.java:766)
at org.testng.TestRunner.run(TestRunner.java:587)
at org.testng.SuiteRunner.runTest(SuiteRunner.java:384)
at org.testng.SuiteRunner.runSequentially(SuiteRunner.java:378)
at org.testng.SuiteRunner.privateRun(SuiteRunner.java:337)
at org.testng.SuiteRunner.run(SuiteRunner.java:286)
at org.testng.SuiteRunnerWorker.runSuite(SuiteRunnerWorker.java:53)
at org.testng.SuiteRunnerWorker.run(SuiteRunnerWorker.java:96)
at org.testng.TestNG.runSuitesSequentially(TestNG.java:1187)
at org.testng.TestNG.runSuitesLocally(TestNG.java:1109)
at org.testng.TestNG.runSuites(TestNG.java:1039)
at org.testng.TestNG.run(TestNG.java:1007)
at org.testng.remote.AbstractRemoteTestNG.run(AbstractRemoteTestNG.java:115)
at org.testng.remote.RemoteTestNG.initAndRun(RemoteTestNG.java:251)
at org.testng.remote.RemoteTestNG.main(RemoteTestNG.java:77)
]]>
            </full-stacktrace>
          </exception> <!-- java.lang.AssertionError -->
          <reporter-output>
          </reporter-output>
        </test-method> <!-- validatePurchase -->
      </class> <!-- com.atmecs.orangehrm.tests.WebTableValidation -->
    </test> <!-- Test -->
  </suite> <!-- Suite -->
</testng-results>
